c:\adaboost\vboost\vboost\debug\vboost.pch
c:\adaboost\vboost\vboost\debug\stdafx.obj
c:\adaboost\vboost\vboost\debug\vc110.pdb
c:\adaboost\vboost\vboost\debug\vboost.obj
c:\adaboost\vboost\debug\vboost.ilk
c:\adaboost\vboost\debug\vboost.exe
c:\adaboost\vboost\debug\vboost.pdb
c:\users\bo\dropbox\school\fall 2017\cap 4453 robot vision\assigments\boyang_wu_assignment_3\adaboost\vboost\vboost\debug\vboost.pch
c:\users\bo\dropbox\school\fall 2017\cap 4453 robot vision\assigments\boyang_wu_assignment_3\adaboost\vboost\vboost\debug\vc141.pdb
c:\users\bo\dropbox\school\fall 2017\cap 4453 robot vision\assigments\boyang_wu_assignment_3\adaboost\vboost\vboost\debug\vc141.idb
c:\users\bo\dropbox\school\fall 2017\cap 4453 robot vision\assigments\boyang_wu_assignment_3\adaboost\vboost\vboost\debug\stdafx.obj
c:\users\bo\dropbox\school\fall 2017\cap 4453 robot vision\assigments\boyang_wu_assignment_3\adaboost\vboost\vboost\debug\vboost.obj
c:\users\bo\dropbox\school\fall 2017\cap 4453 robot vision\assigments\boyang_wu_assignment_3\adaboost\vboost\debug\vboost.exe
c:\users\bo\dropbox\school\fall 2017\cap 4453 robot vision\assigments\boyang_wu_assignment_3\adaboost\vboost\debug\vboost.ilk
c:\users\bo\dropbox\school\fall 2017\cap 4453 robot vision\assigments\boyang_wu_assignment_3\adaboost\vboost\debug\vboost.pdb
c:\users\bo\dropbox\school\fall 2017\cap 4453 robot vision\assigments\boyang_wu_assignment_3\adaboost\vboost\vboost\debug\cl.command.1.tlog
c:\users\bo\dropbox\school\fall 2017\cap 4453 robot vision\assigments\boyang_wu_assignment_3\adaboost\vboost\vboost\debug\cl.read.1.tlog
c:\users\bo\dropbox\school\fall 2017\cap 4453 robot vision\assigments\boyang_wu_assignment_3\adaboost\vboost\vboost\debug\cl.write.1.tlog
c:\users\bo\dropbox\school\fall 2017\cap 4453 robot vision\assigments\boyang_wu_assignment_3\adaboost\vboost\vboost\debug\link-cvtres.read.1.tlog
c:\users\bo\dropbox\school\fall 2017\cap 4453 robot vision\assigments\boyang_wu_assignment_3\adaboost\vboost\vboost\debug\link-cvtres.write.1.tlog
c:\users\bo\dropbox\school\fall 2017\cap 4453 robot vision\assigments\boyang_wu_assignment_3\adaboost\vboost\vboost\debug\link-rc.read.1.tlog
c:\users\bo\dropbox\school\fall 2017\cap 4453 robot vision\assigments\boyang_wu_assignment_3\adaboost\vboost\vboost\debug\link-rc.write.1.tlog
c:\users\bo\dropbox\school\fall 2017\cap 4453 robot vision\assigments\boyang_wu_assignment_3\adaboost\vboost\vboost\debug\link.13728-cvtres.read.1.tlog
c:\users\bo\dropbox\school\fall 2017\cap 4453 robot vision\assigments\boyang_wu_assignment_3\adaboost\vboost\vboost\debug\link.13728-cvtres.write.1.tlog
c:\users\bo\dropbox\school\fall 2017\cap 4453 robot vision\assigments\boyang_wu_assignment_3\adaboost\vboost\vboost\debug\link.13728-rc.read.1.tlog
c:\users\bo\dropbox\school\fall 2017\cap 4453 robot vision\assigments\boyang_wu_assignment_3\adaboost\vboost\vboost\debug\link.13728-rc.write.1.tlog
c:\users\bo\dropbox\school\fall 2017\cap 4453 robot vision\assigments\boyang_wu_assignment_3\adaboost\vboost\vboost\debug\link.13728.read.1.tlog
c:\users\bo\dropbox\school\fall 2017\cap 4453 robot vision\assigments\boyang_wu_assignment_3\adaboost\vboost\vboost\debug\link.13728.write.1.tlog
c:\users\bo\dropbox\school\fall 2017\cap 4453 robot vision\assigments\boyang_wu_assignment_3\adaboost\vboost\vboost\debug\link.command.1.tlog
c:\users\bo\dropbox\school\fall 2017\cap 4453 robot vision\assigments\boyang_wu_assignment_3\adaboost\vboost\vboost\debug\link.read.1.tlog
c:\users\bo\dropbox\school\fall 2017\cap 4453 robot vision\assigments\boyang_wu_assignment_3\adaboost\vboost\vboost\debug\link.write.1.tlog
c:\users\bo\dropbox\school\fall 2017\cap 4453 robot vision\assigments\boyang_wu_assignment_3\adaboost\vboost\vboost\debug\vc110.idb
c:\users\bo\dropbox\school\fall 2017\cap 4453 robot vision\assigments\boyang_wu_assignment_3\adaboost\vboost\vboost\debug\vc120.idb
c:\users\bo\dropbox\school\fall 2017\cap 4453 robot vision\assigments\boyang_wu_assignment_3\adaboost\vboost\vboost\debug\vc110.pdb
c:\users\bo\dropbox\school\fall 2017\cap 4453 robot vision\assigments\boyang_wu_assignment_3\adaboost\vboost\vboost\debug\vc120.pdb
c:\users\bo\dropbox\school\fall 2017\cap 4453 robot vision\assigments\boyang_wu_assignment_3\adaboost\vboost\vboost\debug\vboost.tlog\cl.command.1.tlog
c:\users\bo\dropbox\school\fall 2017\cap 4453 robot vision\assigments\boyang_wu_assignment_3\adaboost\vboost\vboost\debug\vboost.tlog\cl.read.1.tlog
c:\users\bo\dropbox\school\fall 2017\cap 4453 robot vision\assigments\boyang_wu_assignment_3\adaboost\vboost\vboost\debug\vboost.tlog\cl.write.1.tlog
c:\users\bo\dropbox\school\fall 2017\cap 4453 robot vision\assigments\boyang_wu_assignment_3\adaboost\vboost\vboost\debug\vboost.tlog\link.command.1.tlog
c:\users\bo\dropbox\school\fall 2017\cap 4453 robot vision\assigments\boyang_wu_assignment_3\adaboost\vboost\vboost\debug\vboost.tlog\link.delete.1.tlog
c:\users\bo\dropbox\school\fall 2017\cap 4453 robot vision\assigments\boyang_wu_assignment_3\adaboost\vboost\vboost\debug\vboost.tlog\link.read.1.tlog
c:\users\bo\dropbox\school\fall 2017\cap 4453 robot vision\assigments\boyang_wu_assignment_3\adaboost\vboost\vboost\debug\vboost.tlog\link.write.1.tlog
